[19:07:45] [ServerMain/INFO]: [bootstrap] Running Java 21 (OpenJDK 64-Bit Server VM 21.0.8+9-Ubuntu-0ubuntu124.04.1; Ubuntu null) on Linux 6.8.0-1030-azure (amd64)
[19:07:45] [ServerMain/INFO]: [bootstrap] Loading Paper 1.21.8-6-main@782ce95 (2025-07-18T20:26:58Z) for Minecraft 1.21.8
[19:07:45] [ServerMain/INFO]: [PluginInitializerManager] Initializing plugins...
[19:07:45] [Paper Plugin Remapper Thread - 2/INFO]: [PluginRemapper] Remapping plugin 'plugins/SkinsRestorer (2).jar'...
[19:07:45] [Paper Plugin Remapper Thread - 3/INFO]: [PluginRemapper] Remapping plugin 'plugins/SimpleTPA-1.4.jar'...
[19:07:47] [Paper Plugin Remapper Thread - 3/INFO]: [PluginRemapper] Done remapping plugin 'plugins/SimpleTPA-1.4.jar' in 1799ms.
[19:07:49] [Paper Plugin Remapper Thread - 2/INFO]: [PluginRemapper] Done remapping plugin 'plugins/SkinsRestorer (2).jar' in 3573ms.
[19:07:49] [ServerMain/INFO]: [PluginInitializerManager] Initialized 2 plugins
[19:07:49] [ServerMain/INFO]: [PluginInitializerManager] Bukkit plugins (2):
 - SimpleTPA (1.4), SkinsRestorer (15.9.0)
[19:07:54] [ServerMain/INFO]: Environment: Environment[sessionHost=https://sessionserver.mojang.com, servicesHost=https://api.minecraftservices.com, name=PROD]
[19:07:56] [ServerMain/INFO]: Loaded 1407 recipes
[19:07:56] [ServerMain/INFO]: Loaded 1520 advancements
[19:07:56] [ServerMain/INFO]: [ca.spottedleaf.dataconverter.minecraft.datatypes.MCTypeRegistry] Initialising converters for DataConverter...
[19:07:57] [ServerMain/INFO]: [ca.spottedleaf.dataconverter.minecraft.datatypes.MCTypeRegistry] Finished initialising converters for DataConverter in 855.0ms
[19:07:57] [Server thread/INFO]: Starting minecraft server version 1.21.8
[19:07:57] [Server thread/INFO]: Loading properties
[19:07:57] [Server thread/INFO]: This server is running Paper version 1.21.8-6-main@782ce95 (2025-07-18T20:26:58Z) (Implementing API version 1.21.8-R0.1-SNAPSHOT)
[19:07:57] [Server thread/INFO]: [spark] This server bundles the spark profiler. For more information please visit https://docs.papermc.io/paper/profiling
[19:07:57] [Server thread/INFO]: Using 4 threads for Netty based IO
[19:07:57] [Server thread/INFO]: Server Ping Player Sample Count: 12
[19:07:58] [Server thread/INFO]: [MoonriseCommon] Paper is using 1 worker threads, 1 I/O threads
[19:07:58] [Server thread/INFO]: [ChunkTaskScheduler] Chunk system is using population gen parallelism: true
[19:07:59] [Server thread/INFO]: Default game type: SURVIVAL
[19:07:59] [Server thread/INFO]: Generating keypair
[19:07:59] [Server thread/INFO]: Starting Minecraft server on *:25565
[19:07:59] [Server thread/INFO]: Using epoll channel type
[19:07:59] [Server thread/INFO]: Paper: Using libdeflate (Linux x86_64) compression from Velocity.
[19:07:59] [Server thread/INFO]: Paper: Using OpenSSL 3.x.x (Linux x86_64) cipher from Velocity.
[19:07:59] [Server thread/INFO]: [SimpleTPA] Loading server plugin SimpleTPA v1.4
[19:07:59] [Server thread/INFO]: [SkinsRestorer] Loading server plugin SkinsRestorer v15.9.0
[19:07:59] [Server thread/INFO]: Server permissions file permissions.yml is empty, ignoring it
[19:07:59] [Server thread/INFO]: [SkinsRestorer] Enabling SkinsRestorer v15.9.0
[19:08:00] [Server thread/INFO]: [SkinsRestorer] Running on Minecraft 1.21.8.
[19:08:00] [Server thread/INFO]: [SkinsRestorer] Using paper join listener!
[19:08:00] [Server thread/WARN]: **** SERVER IS RUNNING IN OFFLINE/INSECURE MODE!
[19:08:00] [Server thread/WARN]: The server will make no attempt to authenticate usernames. Beware.
[19:08:00] [Server thread/WARN]: While this makes the game possible to play without internet access, it also opens up the ability for hackers to connect with any username they choose.
[19:08:00] [Server thread/WARN]: To change this, set "online-mode" to "true" in the server.properties file.
[19:08:00] [Server thread/INFO]: Preparing level "world"
[19:08:01] [Folia Async Scheduler Thread #2/INFO]: [SkinsRestorer] ----------------------------------------------
[19:08:01] [Folia Async Scheduler Thread #2/INFO]: [SkinsRestorer]     +==================+
[19:08:01] [Folia Async Scheduler Thread #2/INFO]: [SkinsRestorer]     |   SkinsRestorer  |
[19:08:01] [Folia Async Scheduler Thread #2/INFO]: [SkinsRestorer]     |------------------|
[19:08:01] [Folia Async Scheduler Thread #2/INFO]: [SkinsRestorer]     |  Standalone Mode |
[19:08:01] [Folia Async Scheduler Thread #2/INFO]: [SkinsRestorer]     +==================+
[19:08:01] [Folia Async Scheduler Thread #2/INFO]: [SkinsRestorer] ----------------------------------------------
[19:08:01] [Folia Async Scheduler Thread #2/INFO]: [SkinsRestorer]     Version: 15.9.0
[19:08:01] [Folia Async Scheduler Thread #2/INFO]: [SkinsRestorer]     Commit: 1565b8f
[19:08:01] [Folia Async Scheduler Thread #2/INFO]: [SkinsRestorer]     This is the latest version!
[19:08:01] [Folia Async Scheduler Thread #2/INFO]: [SkinsRestorer] ----------------------------------------------
[19:08:01] [Folia Async Scheduler Thread #2/INFO]: [SkinsRestorer] Do you have issues? Read our troubleshooting guide: https://skinsrestorer.net/docs/troubleshooting
[19:08:01] [Folia Async Scheduler Thread #2/INFO]: [SkinsRestorer] Want to support SkinsRestorer? Consider donating: https://skinsrestorer.net/donate
[19:08:01] [Server thread/INFO]: Preparing start region for dimension minecraft:overworld
[19:08:01] [Server thread/INFO]: Preparing spawn area: 0%
[19:08:02] [Server thread/INFO]: Preparing spawn area: 2%
[19:08:02] [Server thread/INFO]: Preparing spawn area: 12%
[19:08:02] [Server thread/INFO]: Time elapsed: 1150 ms
[19:08:02] [Server thread/INFO]: Preparing start region for dimension minecraft:the_nether
[19:08:02] [Server thread/INFO]: Preparing spawn area: 0%
[19:08:02] [Server thread/INFO]: Time elapsed: 229 ms
[19:08:02] [Server thread/INFO]: Preparing start region for dimension minecraft:the_end
[19:08:02] [Server thread/INFO]: Preparing spawn area: 0%
[19:08:03] [Server thread/INFO]: Time elapsed: 140 ms
[19:08:03] [Server thread/INFO]: [SimpleTPA] Enabling SimpleTPA v1.4
[19:08:03] [Server thread/INFO]: [SimpleTPA] Config loaded: timeout=120s, cooldown=10s, cross-world=false
[19:08:03] [Server thread/INFO]: [SimpleTPA] SimpleTPA has been enabled.
[19:08:03] [Server thread/INFO]: [spark] Starting background profiler...
[19:08:04] [Server thread/INFO]: Done preparing level "world" (3.240s)
[19:08:04] [Server thread/INFO]: Running delayed init tasks
[19:08:04] [Server thread/INFO]: Done (20.912s)! For help, type "help"
[19:10:55] [Server thread/INFO]: Unknown or incomplete command, see below for error
ip<--[HERE]
